Started at Вс дек 25 16:47:58 EET 2016
possibly trimming C:\Users\User\.jenkins\fingerprints\04\0b\4b4d8eac886f6b4a2a3bd2f31b00.xml
possibly trimming C:\Users\User\.jenkins\fingerprints\04\e9\6f7fd29137118319db19f53c4395.xml
possibly trimming C:\Users\User\.jenkins\fingerprints\0c\4f\91d3adc5de7fac8806eb97308554.xml
possibly trimming C:\Users\User\.jenkins\fingerprints\11\0a\d2ea84f7031a1798648b6b318e79.xml
possibly trimming C:\Users\User\.jenkins\fingerprints\13\bc\641afd7fd95e09b260f69c1e4c91.xml
possibly trimming C:\Users\User\.jenkins\fingerprints\17\0b\fc358f17a39c7310a8b43dfb1465.xml
possibly trimming C:\Users\User\.jenkins\fingerprints\1c\57\b2a629b9cd1f97ebacb13a08347b.xml
possibly trimming C:\Users\User\.jenkins\fingerprints\1c\d5\a7e4bd4b179ca43dea393342ee71.xml
possibly trimming C:\Users\User\.jenkins\fingerprints\1e\3e\8d2aec273bcb9f8dda107c82552e.xml
possibly trimming C:\Users\User\.jenkins\fingerprints\1e\63\86e488d55a623379b97ba42307bc.xml
possibly trimming C:\Users\User\.jenkins\fingerprints\33\55\c6253137cee39ac83104791d8f65.xml
possibly trimming C:\Users\User\.jenkins\fingerprints\33\6f\a980f7527be719fa997f5df8046f.xml
possibly trimming C:\Users\User\.jenkins\fingerprints\35\3c\f6a2bdba09595ccfa073b78c7fcb.xml
possibly trimming C:\Users\User\.jenkins\fingerprints\3a\af\3c6e76a68e732c17d4a7e9877d81.xml
possibly trimming C:\Users\User\.jenkins\fingerprints\3b\6b\5b65b1cc2b888a7313401cad2be5.xml
possibly trimming C:\Users\User\.jenkins\fingerprints\3e\b9\30190c613edd0739bcaea44eaafe.xml
possibly trimming C:\Users\User\.jenkins\fingerprints\43\58\4adc1f895628055bad0aa98a1007.xml
possibly trimming C:\Users\User\.jenkins\fingerprints\43\bf\c49bdc7324f6daaa60c1ee9f3972.xml
possibly trimming C:\Users\User\.jenkins\fingerprints\43\fb\37d3fc3672704aec72e3698b536d.xml
possibly trimming C:\Users\User\.jenkins\fingerprints\4b\b9\f5ba9cd794549665d35c754cf313.xml
possibly trimming C:\Users\User\.jenkins\fingerprints\4d\5c\1693079575b362edf41500630bbd.xml
possibly trimming C:\Users\User\.jenkins\fingerprints\4e\ff\0fd65290fe652244afa1405d3ddf.xml
possibly trimming C:\Users\User\.jenkins\fingerprints\52\d2\ffe300bda2d456366137b09fc2a5.xml
possibly trimming C:\Users\User\.jenkins\fingerprints\53\3e\404eda70bbf8e40de134ffeec95b.xml
possibly trimming C:\Users\User\.jenkins\fingerprints\57\84\9c6c947a10d357afbf45e79f928a.xml
possibly trimming C:\Users\User\.jenkins\fingerprints\5b\38\c40c97fbd0adee29f91e60405584.xml
possibly trimming C:\Users\User\.jenkins\fingerprints\60\2d\5d0e934c0a6e341a7713f8916f16.xml
possibly trimming C:\Users\User\.jenkins\fingerprints\60\36\c0d8baaf4ecdb10f3af019a8320e.xml
possibly trimming C:\Users\User\.jenkins\fingerprints\63\93\363b47ddcbba82321110c3e07519.xml
possibly trimming C:\Users\User\.jenkins\fingerprints\67\00\e47751503f59a9e5059a2ec96f40.xml
possibly trimming C:\Users\User\.jenkins\fingerprints\68\91\0bf95dbcf90ce5859128f0f75d1e.xml
possibly trimming C:\Users\User\.jenkins\fingerprints\6a\a6\607802502c8016b676f25f8e4873.xml
possibly trimming C:\Users\User\.jenkins\fingerprints\6c\9c\e8534b9e4c17e5dea7a97425245c.xml
possibly trimming C:\Users\User\.jenkins\fingerprints\76\87\4a412cf76196061b17906c2557be.xml
possibly trimming C:\Users\User\.jenkins\fingerprints\79\de\69e9f5ed8c7fcb8342585732bbf7.xml
possibly trimming C:\Users\User\.jenkins\fingerprints\7a\84\fb4b01f46c904bd549e67e6c48a1.xml
possibly trimming C:\Users\User\.jenkins\fingerprints\7e\aa\d6fea5925cca6c36ee8b3e02ac9d.xml
possibly trimming C:\Users\User\.jenkins\fingerprints\7f\97\854dc04c119d461fed14f5d8bb96.xml
possibly trimming C:\Users\User\.jenkins\fingerprints\7f\f9\445d9bba77f8959132b486b91485.xml
possibly trimming C:\Users\User\.jenkins\fingerprints\82\54\128f54ce3771cd7b781ed8513965.xml
possibly trimming C:\Users\User\.jenkins\fingerprints\86\67\a442ee77e509fbe8176b94726eb2.xml
possibly trimming C:\Users\User\.jenkins\fingerprints\89\01\d385e2f6dc80ed743df5039ad5ce.xml
possibly trimming C:\Users\User\.jenkins\fingerprints\89\bd\1a797a69bab1e03a5a091896d7f9.xml
possibly trimming C:\Users\User\.jenkins\fingerprints\8b\b8\fa2edfd60d5c7ed6bf9923d14aa8.xml
possibly trimming C:\Users\User\.jenkins\fingerprints\9d\52\72954896c5a5d234f66b7372b17a.xml
possibly trimming C:\Users\User\.jenkins\fingerprints\9d\52\76eee85637842dcd2095f820e964.xml
possibly trimming C:\Users\User\.jenkins\fingerprints\9e\ad\f58dffb1c3c31676dc8de6047f6f.xml
possibly trimming C:\Users\User\.jenkins\fingerprints\a8\62\7c801e0d16169ef9ca83cf89861a.xml
possibly trimming C:\Users\User\.jenkins\fingerprints\a9\97\d20b9e0f9265b6ede5ceef7b1a0a.xml
possibly trimming C:\Users\User\.jenkins\fingerprints\b0\e0\8c9936dc52aa40439c71fcad6297.xml
possibly trimming C:\Users\User\.jenkins\fingerprints\b8\e1\4dd6e93c8f34888846dcac492160.xml
possibly trimming C:\Users\User\.jenkins\fingerprints\c1\45\982b549171841ead95bd2fee78ce.xml
possibly trimming C:\Users\User\.jenkins\fingerprints\c3\5d\5fc0098f528144e9feb0a0d87911.xml
possibly trimming C:\Users\User\.jenkins\fingerprints\c6\50\2713ff649a557b767b990830c786.xml
possibly trimming C:\Users\User\.jenkins\fingerprints\cc\57\dacc720eca721a50e78934b822d2.xml
possibly trimming C:\Users\User\.jenkins\fingerprints\cc\ba\c7563db67d63a3727e70db0225f9.xml
possibly trimming C:\Users\User\.jenkins\fingerprints\d0\07\60fe1f2dff6039a044988851a89b.xml
possibly trimming C:\Users\User\.jenkins\fingerprints\d0\2f\4478984ab4b3653e446172d95ac3.xml
possibly trimming C:\Users\User\.jenkins\fingerprints\d9\c1\b61a0547d965ef946c37e7d8ec5b.xml
possibly trimming C:\Users\User\.jenkins\fingerprints\dc\d9\5bcb84b09897b2b66d4684c040da.xml
possibly trimming C:\Users\User\.jenkins\fingerprints\e0\a4\5df625cb96b69505e59bb25a0189.xml
possibly trimming C:\Users\User\.jenkins\fingerprints\e1\6b\1b8fca0980263f764f633ec91dd6.xml
possibly trimming C:\Users\User\.jenkins\fingerprints\e5\11\ce6ecb9b264b7b14e1a06b870a31.xml
possibly trimming C:\Users\User\.jenkins\fingerprints\e7\77\6f2b03a4c62d691a90d3c68c93c0.xml
possibly trimming C:\Users\User\.jenkins\fingerprints\e8\32\5763fd4235f174ab7b72ed815db1.xml
possibly trimming C:\Users\User\.jenkins\fingerprints\e9\18\fc7afe2d6994723b8cf5dbbc1105.xml
possibly trimming C:\Users\User\.jenkins\fingerprints\eb\04\fa63fc70c722f2b8ec156166343b.xml
possibly trimming C:\Users\User\.jenkins\fingerprints\ed\99\37a137a90d8e49fa1c71b0db6346.xml
possibly trimming C:\Users\User\.jenkins\fingerprints\f5\b6\8f962d2ea042789218ada9de50b0.xml
possibly trimming C:\Users\User\.jenkins\fingerprints\fa\4f\2869f00883741b8127f38aab8f25.xml
possibly trimming C:\Users\User\.jenkins\fingerprints\fe\d7\19d242a4ea63f3b5f2746d67a722.xml
Cleaned up 0 records
Finished at Вс дек 25 16:48:01 EET 2016. 2621ms
